INFO 23:35:31:829 wdm.WebDriverManager resolveDriverVersion:573 Using chromedriver 103.0.5060.134 (since Chrome 103 is installed in your machine)
INFO 23:35:31:860 wdm.WebDriverManager exportDriver:631 Exporting webdriver.chrome.driver as C:\Users\Demiurg76\.m2\repository\webdriver\chromedriver\win32\103.0.5060.134\chromedriver.exe
INFO 23:36:10:915 wdm.WebDriverManager resolveDriverVersion:573 Using chromedriver 103.0.5060.134 (since Chrome 103 is installed in your machine)
INFO 23:36:10:947 wdm.WebDriverManager exportDriver:631 Exporting webdriver.chrome.driver as C:\Users\Demiurg76\.m2\repository\webdriver\chromedriver\win32\103.0.5060.134\chromedriver.exe
INFO 23:39:27:533 wdm.WebDriverManager resolveDriverVersion:573 Using chromedriver 103.0.5060.134 (since Chrome 103 is installed in your machine)
INFO 23:39:27:549 wdm.WebDriverManager exportDriver:631 Exporting webdriver.chrome.driver as C:\Users\Demiurg76\.m2\repository\webdriver\chromedriver\win32\103.0.5060.134\chromedriver.exe
INFO 21:25:00:060 wdm.WebDriverManager resolveDriverVersion:573 Using chromedriver 103.0.5060.134 (since Chrome 103 is installed in your machine)
INFO 21:25:00:092 wdm.WebDriverManager exportDriver:631 Exporting webdriver.chrome.driver as C:\Users\Demiurg76\.m2\repository\webdriver\chromedriver\win32\103.0.5060.134\chromedriver.exe
INFO 21:25:21:741 wdm.WebDriverManager resolveDriverVersion:573 Using chromedriver 103.0.5060.134 (since Chrome 103 is installed in your machine)
INFO 21:25:21:776 wdm.WebDriverManager exportDriver:631 Exporting webdriver.chrome.driver as C:\Users\Demiurg76\.m2\repository\webdriver\chromedriver\win32\103.0.5060.134\chromedriver.exe
INFO 21:51:48:551 wdm.WebDriverManager resolveDriverVersion:573 Using chromedriver 103.0.5060.134 (since Chrome 103 is installed in your machine)
INFO 21:51:48:585 wdm.WebDriverManager exportDriver:631 Exporting webdriver.chrome.driver as C:\Users\Demiurg76\.m2\repository\webdriver\chromedriver\win32\103.0.5060.134\chromedriver.exe
INFO 21:57:04:649 wdm.WebDriverManager resolveDriverVersion:573 Using chromedriver 103.0.5060.134 (since Chrome 103 is installed in your machine)
INFO 21:57:04:686 wdm.WebDriverManager exportDriver:631 Exporting webdriver.chrome.driver as C:\Users\Demiurg76\.m2\repository\webdriver\chromedriver\win32\103.0.5060.134\chromedriver.exe
INFO 22:13:29:715 wdm.WebDriverManager resolveDriverVersion:573 Using chromedriver 103.0.5060.134 (since Chrome 103 is installed in your machine)
INFO 22:13:29:762 wdm.WebDriverManager exportDriver:631 Exporting webdriver.chrome.driver as C:\Users\Demiurg76\.m2\repository\webdriver\chromedriver\win32\103.0.5060.134\chromedriver.exe
INFO 22:14:08:556 wdm.WebDriverManager resolveDriverVersion:573 Using chromedriver 103.0.5060.134 (since Chrome 103 is installed in your machine)
INFO 22:14:08:590 wdm.WebDriverManager exportDriver:631 Exporting webdriver.chrome.driver as C:\Users\Demiurg76\.m2\repository\webdriver\chromedriver\win32\103.0.5060.134\chromedriver.exe
INFO 22:15:15:735 wdm.WebDriverManager resolveDriverVersion:573 Using chromedriver 103.0.5060.134 (since Chrome 103 is installed in your machine)
INFO 22:15:15:774 wdm.WebDriverManager exportDriver:631 Exporting webdriver.chrome.driver as C:\Users\Demiurg76\.m2\repository\webdriver\chromedriver\win32\103.0.5060.134\chromedriver.exe
INFO 22:18:31:627 wdm.WebDriverManager resolveDriverVersion:573 Using chromedriver 103.0.5060.134 (since Chrome 103 is installed in your machine)
INFO 22:18:31:661 wdm.WebDriverManager exportDriver:631 Exporting webdriver.chrome.driver as C:\Users\Demiurg76\.m2\repository\webdriver\chromedriver\win32\103.0.5060.134\chromedriver.exe
INFO 22:20:17:323 wdm.WebDriverManager resolveDriverVersion:573 Using chromedriver 103.0.5060.134 (since Chrome 103 is installed in your machine)
INFO 22:20:17:359 wdm.WebDriverManager exportDriver:631 Exporting webdriver.chrome.driver as C:\Users\Demiurg76\.m2\repository\webdriver\chromedriver\win32\103.0.5060.134\chromedriver.exe
INFO 22:21:09:714 wdm.WebDriverManager resolveDriverVersion:573 Using chromedriver 103.0.5060.134 (since Chrome 103 is installed in your machine)
INFO 22:21:09:754 wdm.WebDriverManager exportDriver:631 Exporting webdriver.chrome.driver as C:\Users\Demiurg76\.m2\repository\webdriver\chromedriver\win32\103.0.5060.134\chromedriver.exe
INFO 00:27:54:343 wdm.WebDriverManager resolveDriverVersion:573 Using chromedriver 103.0.5060.134 (since Chrome 103 is installed in your machine)
INFO 00:27:54:382 wdm.WebDriverManager exportDriver:631 Exporting webdriver.chrome.driver as C:\Users\Demiurg76\.m2\repository\webdriver\chromedriver\win32\103.0.5060.134\chromedriver.exe
INFO 00:30:02:870 wdm.WebDriverManager resolveDriverVersion:573 Using chromedriver 103.0.5060.134 (since Chrome 103 is installed in your machine)
INFO 00:30:02:905 wdm.WebDriverManager exportDriver:631 Exporting webdriver.chrome.driver as C:\Users\Demiurg76\.m2\repository\webdriver\chromedriver\win32\103.0.5060.134\chromedriver.exe
INFO 00:49:35:096 wdm.WebDriverManager resolveDriverVersion:573 Using chromedriver 103.0.5060.134 (since Chrome 103 is installed in your machine)
INFO 00:49:35:129 wdm.WebDriverManager exportDriver:631 Exporting webdriver.chrome.driver as C:\Users\Demiurg76\.m2\repository\webdriver\chromedriver\win32\103.0.5060.134\chromedriver.exe
INFO 00:49:39:542 wdm.WebDriverManager resolveDriverVersion:573 Using chromedriver 103.0.5060.134 (since Chrome 103 is installed in your machine)
INFO 00:49:39:550 wdm.WebDriverManager exportDriver:631 Exporting webdriver.chrome.driver as C:\Users\Demiurg76\.m2\repository\webdriver\chromedriver\win32\103.0.5060.134\chromedriver.exe
INFO 00:51:21:542 wdm.WebDriverManager resolveDriverVersion:573 Using chromedriver 103.0.5060.134 (since Chrome 103 is installed in your machine)
INFO 00:51:21:581 wdm.WebDriverManager exportDriver:631 Exporting webdriver.chrome.driver as C:\Users\Demiurg76\.m2\repository\webdriver\chromedriver\win32\103.0.5060.134\chromedriver.exe
INFO 00:52:00:853 wdm.WebDriverManager resolveDriverVersion:573 Using chromedriver 103.0.5060.134 (since Chrome 103 is installed in your machine)
INFO 00:52:00:892 wdm.WebDriverManager exportDriver:631 Exporting webdriver.chrome.driver as C:\Users\Demiurg76\.m2\repository\webdriver\chromedriver\win32\103.0.5060.134\chromedriver.exe
INFO 01:06:35:530 wdm.WebDriverManager resolveDriverVersion:573 Using chromedriver 103.0.5060.134 (since Chrome 103 is installed in your machine)
INFO 01:06:35:572 wdm.WebDriverManager exportDriver:631 Exporting webdriver.chrome.driver as C:\Users\Demiurg76\.m2\repository\webdriver\chromedriver\win32\103.0.5060.134\chromedriver.exe
INFO 01:51:15:230 wdm.WebDriverManager resolveDriverVersion:573 Using chromedriver 103.0.5060.134 (since Chrome 103 is installed in your machine)
INFO 01:51:15:262 wdm.WebDriverManager exportDriver:631 Exporting webdriver.chrome.driver as C:\Users\Demiurg76\.m2\repository\webdriver\chromedriver\win32\103.0.5060.134\chromedriver.exe
INFO 01:58:58:912 wdm.WebDriverManager resolveDriverVersion:573 Using chromedriver 103.0.5060.134 (since Chrome 103 is installed in your machine)
INFO 01:58:58:949 wdm.WebDriverManager exportDriver:631 Exporting webdriver.chrome.driver as C:\Users\Demiurg76\.m2\repository\webdriver\chromedriver\win32\103.0.5060.134\chromedriver.exe
INFO 02:03:28:619 wdm.WebDriverManager resolveDriverVersion:573 Using chromedriver 103.0.5060.134 (since Chrome 103 is installed in your machine)
INFO 02:03:28:656 wdm.WebDriverManager exportDriver:631 Exporting webdriver.chrome.driver as C:\Users\Demiurg76\.m2\repository\webdriver\chromedriver\win32\103.0.5060.134\chromedriver.exe
INFO 02:21:34:199 wdm.WebDriverManager resolveDriverVersion:573 Using chromedriver 103.0.5060.134 (since Chrome 103 is installed in your machine)
INFO 02:21:34:238 wdm.WebDriverManager exportDriver:631 Exporting webdriver.chrome.driver as C:\Users\Demiurg76\.m2\repository\webdriver\chromedriver\win32\103.0.5060.134\chromedriver.exe
INFO 02:26:06:222 wdm.WebDriverManager resolveDriverVersion:573 Using chromedriver 103.0.5060.134 (since Chrome 103 is installed in your machine)
INFO 02:26:06:258 wdm.WebDriverManager exportDriver:631 Exporting webdriver.chrome.driver as C:\Users\Demiurg76\.m2\repository\webdriver\chromedriver\win32\103.0.5060.134\chromedriver.exe
INFO 18:21:27:824 wdm.WebDriverManager resolveDriverVersion:573 Using chromedriver 103.0.5060.134 (since Chrome 103 is installed in your machine)
INFO 18:21:27:891 wdm.WebDriverManager exportDriver:631 Exporting webdriver.chrome.driver as C:\Users\Demiurg76\.m2\repository\webdriver\chromedriver\win32\103.0.5060.134\chromedriver.exe
INFO 18:21:36:586 wdm.WebDriverManager resolveDriverVersion:573 Using chromedriver 103.0.5060.134 (since Chrome 103 is installed in your machine)
INFO 18:21:36:673 wdm.WebDriverManager exportDriver:631 Exporting webdriver.chrome.driver as C:\Users\Demiurg76\.m2\repository\webdriver\chromedriver\win32\103.0.5060.134\chromedriver.exe
INFO 18:21:41:451 wdm.WebDriverManager resolveDriverVersion:573 Using chromedriver 103.0.5060.134 (since Chrome 103 is installed in your machine)
INFO 18:21:41:464 wdm.WebDriverManager exportDriver:631 Exporting webdriver.chrome.driver as C:\Users\Demiurg76\.m2\repository\webdriver\chromedriver\win32\103.0.5060.134\chromedriver.exe
INFO 18:21:45:530 wdm.WebDriverManager resolveDriverVersion:573 Using chromedriver 103.0.5060.134 (since Chrome 103 is installed in your machine)
INFO 18:21:45:533 wdm.WebDriverManager exportDriver:631 Exporting webdriver.chrome.driver as C:\Users\Demiurg76\.m2\repository\webdriver\chromedriver\win32\103.0.5060.134\chromedriver.exe
INFO 18:47:10:611 wdm.WebDriverManager resolveDriverVersion:573 Using chromedriver 103.0.5060.134 (since Chrome 103 is installed in your machine)
INFO 18:47:10:717 wdm.WebDriverManager exportDriver:631 Exporting webdriver.chrome.driver as C:\Users\Demiurg76\.m2\repository\webdriver\chromedriver\win32\103.0.5060.134\chromedriver.exe
INFO 18:47:16:574 wdm.WebDriverManager resolveDriverVersion:573 Using chromedriver 103.0.5060.134 (since Chrome 103 is installed in your machine)
INFO 18:47:16:589 wdm.WebDriverManager exportDriver:631 Exporting webdriver.chrome.driver as C:\Users\Demiurg76\.m2\repository\webdriver\chromedriver\win32\103.0.5060.134\chromedriver.exe
INFO 18:47:20:680 wdm.WebDriverManager resolveDriverVersion:573 Using chromedriver 103.0.5060.134 (since Chrome 103 is installed in your machine)
INFO 18:47:20:690 wdm.WebDriverManager exportDriver:631 Exporting webdriver.chrome.driver as C:\Users\Demiurg76\.m2\repository\webdriver\chromedriver\win32\103.0.5060.134\chromedriver.exe
INFO 19:05:10:413 wdm.WebDriverManager resolveDriverVersion:573 Using chromedriver 103.0.5060.134 (since Chrome 103 is installed in your machine)
INFO 19:05:10:485 wdm.WebDriverManager exportDriver:631 Exporting webdriver.chrome.driver as C:\Users\Demiurg76\.m2\repository\webdriver\chromedriver\win32\103.0.5060.134\chromedriver.exe
INFO 19:19:38:937 wdm.WebDriverManager resolveDriverVersion:573 Using chromedriver 103.0.5060.134 (since Chrome 103 is installed in your machine)
INFO 19:19:39:022 wdm.WebDriverManager exportDriver:631 Exporting webdriver.chrome.driver as C:\Users\Demiurg76\.m2\repository\webdriver\chromedriver\win32\103.0.5060.134\chromedriver.exe
INFO 19:21:32:150 wdm.WebDriverManager resolveDriverVersion:573 Using chromedriver 103.0.5060.134 (since Chrome 103 is installed in your machine)
INFO 19:21:32:211 wdm.WebDriverManager exportDriver:631 Exporting webdriver.chrome.driver as C:\Users\Demiurg76\.m2\repository\webdriver\chromedriver\win32\103.0.5060.134\chromedriver.exe
INFO 19:34:55:031 wdm.WebDriverManager resolveDriverVersion:573 Using chromedriver 103.0.5060.134 (since Chrome 103 is installed in your machine)
INFO 19:34:55:082 wdm.WebDriverManager exportDriver:631 Exporting webdriver.chrome.driver as C:\Users\Demiurg76\.m2\repository\webdriver\chromedriver\win32\103.0.5060.134\chromedriver.exe
INFO 19:35:54:604 wdm.WebDriverManager resolveDriverVersion:573 Using chromedriver 103.0.5060.134 (since Chrome 103 is installed in your machine)
INFO 19:35:54:645 wdm.WebDriverManager exportDriver:631 Exporting webdriver.chrome.driver as C:\Users\Demiurg76\.m2\repository\webdriver\chromedriver\win32\103.0.5060.134\chromedriver.exe
INFO 19:40:19:825 wdm.WebDriverManager resolveDriverVersion:573 Using chromedriver 103.0.5060.134 (since Chrome 103 is installed in your machine)
INFO 19:40:19:888 wdm.WebDriverManager exportDriver:631 Exporting webdriver.chrome.driver as C:\Users\Demiurg76\.m2\repository\webdriver\chromedriver\win32\103.0.5060.134\chromedriver.exe
INFO 19:43:07:538 wdm.WebDriverManager resolveDriverVersion:573 Using chromedriver 103.0.5060.134 (since Chrome 103 is installed in your machine)
INFO 19:43:07:632 wdm.WebDriverManager exportDriver:631 Exporting webdriver.chrome.driver as C:\Users\Demiurg76\.m2\repository\webdriver\chromedriver\win32\103.0.5060.134\chromedriver.exe
INFO 19:48:10:631 wdm.WebDriverManager resolveDriverVersion:573 Using chromedriver 103.0.5060.134 (since Chrome 103 is installed in your machine)
INFO 19:48:10:683 wdm.WebDriverManager exportDriver:631 Exporting webdriver.chrome.driver as C:\Users\Demiurg76\.m2\repository\webdriver\chromedriver\win32\103.0.5060.134\chromedriver.exe
INFO 19:53:50:246 wdm.WebDriverManager resolveDriverVersion:573 Using chromedriver 103.0.5060.134 (since Chrome 103 is installed in your machine)
INFO 19:53:50:297 wdm.WebDriverManager exportDriver:631 Exporting webdriver.chrome.driver as C:\Users\Demiurg76\.m2\repository\webdriver\chromedriver\win32\103.0.5060.134\chromedriver.exe
INFO 19:54:45:912 wdm.WebDriverManager resolveDriverVersion:573 Using chromedriver 103.0.5060.134 (since Chrome 103 is installed in your machine)
INFO 19:54:45:962 wdm.WebDriverManager exportDriver:631 Exporting webdriver.chrome.driver as C:\Users\Demiurg76\.m2\repository\webdriver\chromedriver\win32\103.0.5060.134\chromedriver.exe
INFO 20:56:09:228 wdm.WebDriverManager resolveDriverVersion:573 Using chromedriver 104.0.5112.79 (since Chrome 104 is installed in your machine)
INFO 20:56:09:264 wdm.WebDriverManager logSeekRepo:882 Reading https://chromedriver.storage.googleapis.com/ to seek chromedriver
INFO 20:56:10:296 online.Downloader downloadAndExtract:124 Downloading https://chromedriver.storage.googleapis.com/104.0.5112.79/chromedriver_win32.zip
INFO 20:56:11:670 online.Downloader extract:178 Extracting binary from compressed file chromedriver_win32.zip
INFO 20:56:11:947 wdm.WebDriverManager exportDriver:631 Exporting webdriver.chrome.driver as C:\Users\Demiurg76\.m2\repository\webdriver\chromedriver\win32\104.0.5112.79\chromedriver.exe
INFO 20:57:37:867 wdm.WebDriverManager resolveDriverVersion:573 Using chromedriver 104.0.5112.79 (since Chrome 104 is installed in your machine)
INFO 20:57:37:924 wdm.WebDriverManager exportDriver:631 Exporting webdriver.chrome.driver as C:\Users\Demiurg76\.m2\repository\webdriver\chromedriver\win32\104.0.5112.79\chromedriver.exe
INFO 21:01:34:092 wdm.WebDriverManager resolveDriverVersion:573 Using chromedriver 104.0.5112.79 (since Chrome 104 is installed in your machine)
INFO 21:01:34:183 wdm.WebDriverManager exportDriver:631 Exporting webdriver.chrome.driver as C:\Users\Demiurg76\.m2\repository\webdriver\chromedriver\win32\104.0.5112.79\chromedriver.exe
INFO 21:32:16:065 wdm.WebDriverManager resolveDriverVersion:573 Using chromedriver 104.0.5112.79 (since Chrome 104 is installed in your machine)
INFO 21:32:16:143 wdm.WebDriverManager exportDriver:631 Exporting webdriver.chrome.driver as C:\Users\Demiurg76\.m2\repository\webdriver\chromedriver\win32\104.0.5112.79\chromedriver.exe
INFO 21:34:34:803 wdm.WebDriverManager resolveDriverVersion:573 Using chromedriver 104.0.5112.79 (since Chrome 104 is installed in your machine)
INFO 21:34:34:891 wdm.WebDriverManager exportDriver:631 Exporting webdriver.chrome.driver as C:\Users\Demiurg76\.m2\repository\webdriver\chromedriver\win32\104.0.5112.79\chromedriver.exe
INFO 21:35:15:816 wdm.WebDriverManager resolveDriverVersion:573 Using chromedriver 104.0.5112.79 (since Chrome 104 is installed in your machine)
INFO 21:35:15:899 wdm.WebDriverManager exportDriver:631 Exporting webdriver.chrome.driver as C:\Users\Demiurg76\.m2\repository\webdriver\chromedriver\win32\104.0.5112.79\chromedriver.exe
INFO 21:36:14:064 wdm.WebDriverManager resolveDriverVersion:573 Using chromedriver 104.0.5112.79 (since Chrome 104 is installed in your machine)
INFO 21:36:14:147 wdm.WebDriverManager exportDriver:631 Exporting webdriver.chrome.driver as C:\Users\Demiurg76\.m2\repository\webdriver\chromedriver\win32\104.0.5112.79\chromedriver.exe
INFO 21:37:15:638 wdm.WebDriverManager resolveDriverVersion:573 Using chromedriver 104.0.5112.79 (since Chrome 104 is installed in your machine)
INFO 21:37:15:717 wdm.WebDriverManager exportDriver:631 Exporting webdriver.chrome.driver as C:\Users\Demiurg76\.m2\repository\webdriver\chromedriver\win32\104.0.5112.79\chromedriver.exe
INFO 21:37:53:335 wdm.WebDriverManager resolveDriverVersion:573 Using chromedriver 104.0.5112.79 (since Chrome 104 is installed in your machine)
INFO 21:37:53:376 wdm.WebDriverManager exportDriver:631 Exporting webdriver.chrome.driver as C:\Users\Demiurg76\.m2\repository\webdriver\chromedriver\win32\104.0.5112.79\chromedriver.exe
INFO 21:39:03:653 wdm.WebDriverManager resolveDriverVersion:573 Using chromedriver 104.0.5112.79 (since Chrome 104 is installed in your machine)
INFO 21:39:03:724 wdm.WebDriverManager exportDriver:631 Exporting webdriver.chrome.driver as C:\Users\Demiurg76\.m2\repository\webdriver\chromedriver\win32\104.0.5112.79\chromedriver.exe
INFO 21:43:53:684 wdm.WebDriverManager resolveDriverVersion:573 Using chromedriver 104.0.5112.79 (since Chrome 104 is installed in your machine)
INFO 21:43:53:779 wdm.WebDriverManager exportDriver:631 Exporting webdriver.chrome.driver as C:\Users\Demiurg76\.m2\repository\webdriver\chromedriver\win32\104.0.5112.79\chromedriver.exe
INFO 21:46:57:105 wdm.WebDriverManager resolveDriverVersion:573 Using chromedriver 104.0.5112.79 (since Chrome 104 is installed in your machine)
INFO 21:46:57:166 wdm.WebDriverManager exportDriver:631 Exporting webdriver.chrome.driver as C:\Users\Demiurg76\.m2\repository\webdriver\chromedriver\win32\104.0.5112.79\chromedriver.exe
INFO 10:27:09:028 wdm.WebDriverManager resolveDriverVersion:573 Using chromedriver 104.0.5112.79 (since Chrome 104 is installed in your machine)
INFO 10:27:09:106 wdm.WebDriverManager exportDriver:631 Exporting webdriver.chrome.driver as C:\Users\Demiurg76\.m2\repository\webdriver\chromedriver\win32\104.0.5112.79\chromedriver.exe
INFO 10:27:19:167 wdm.WebDriverManager resolveDriverVersion:573 Using chromedriver 104.0.5112.79 (since Chrome 104 is installed in your machine)
INFO 10:27:19:167 wdm.WebDriverManager exportDriver:631 Exporting webdriver.chrome.driver as C:\Users\Demiurg76\.m2\repository\webdriver\chromedriver\win32\104.0.5112.79\chromedriver.exe
INFO 10:27:23:335 wdm.WebDriverManager resolveDriverVersion:573 Using chromedriver 104.0.5112.79 (since Chrome 104 is installed in your machine)
INFO 10:27:23:351 wdm.WebDriverManager exportDriver:631 Exporting webdriver.chrome.driver as C:\Users\Demiurg76\.m2\repository\webdriver\chromedriver\win32\104.0.5112.79\chromedriver.exe
INFO 10:27:27:064 wdm.WebDriverManager resolveDriverVersion:573 Using chromedriver 104.0.5112.79 (since Chrome 104 is installed in your machine)
INFO 10:27:27:064 wdm.WebDriverManager exportDriver:631 Exporting webdriver.chrome.driver as C:\Users\Demiurg76\.m2\repository\webdriver\chromedriver\win32\104.0.5112.79\chromedriver.exe
INFO 10:27:30:892 wdm.WebDriverManager resolveDriverVersion:573 Using chromedriver 104.0.5112.79 (since Chrome 104 is installed in your machine)
INFO 10:27:30:896 wdm.WebDriverManager exportDriver:631 Exporting webdriver.chrome.driver as C:\Users\Demiurg76\.m2\repository\webdriver\chromedriver\win32\104.0.5112.79\chromedriver.exe
INFO 10:27:34:525 wdm.WebDriverManager resolveDriverVersion:573 Using chromedriver 104.0.5112.79 (since Chrome 104 is installed in your machine)
INFO 10:27:34:541 wdm.WebDriverManager exportDriver:631 Exporting webdriver.chrome.driver as C:\Users\Demiurg76\.m2\repository\webdriver\chromedriver\win32\104.0.5112.79\chromedriver.exe
INFO 10:27:38:224 wdm.WebDriverManager resolveDriverVersion:573 Using chromedriver 104.0.5112.79 (since Chrome 104 is installed in your machine)
INFO 10:27:38:230 wdm.WebDriverManager exportDriver:631 Exporting webdriver.chrome.driver as C:\Users\Demiurg76\.m2\repository\webdriver\chromedriver\win32\104.0.5112.79\chromedriver.exe
INFO 10:30:01:973 wdm.WebDriverManager resolveDriverVersion:573 Using chromedriver 104.0.5112.79 (since Chrome 104 is installed in your machine)
INFO 10:30:02:035 wdm.WebDriverManager exportDriver:631 Exporting webdriver.chrome.driver as C:\Users\Demiurg76\.m2\repository\webdriver\chromedriver\win32\104.0.5112.79\chromedriver.exe
INFO 10:30:06:482 wdm.WebDriverManager resolveDriverVersion:573 Using chromedriver 104.0.5112.79 (since Chrome 104 is installed in your machine)
INFO 10:30:06:497 wdm.WebDriverManager exportDriver:631 Exporting webdriver.chrome.driver as C:\Users\Demiurg76\.m2\repository\webdriver\chromedriver\win32\104.0.5112.79\chromedriver.exe
INFO 10:30:10:472 wdm.WebDriverManager resolveDriverVersion:573 Using chromedriver 104.0.5112.79 (since Chrome 104 is installed in your machine)
INFO 10:30:10:472 wdm.WebDriverManager exportDriver:631 Exporting webdriver.chrome.driver as C:\Users\Demiurg76\.m2\repository\webdriver\chromedriver\win32\104.0.5112.79\chromedriver.exe
INFO 10:30:14:696 wdm.WebDriverManager resolveDriverVersion:573 Using chromedriver 104.0.5112.79 (since Chrome 104 is installed in your machine)
INFO 10:30:14:696 wdm.WebDriverManager exportDriver:631 Exporting webdriver.chrome.driver as C:\Users\Demiurg76\.m2\repository\webdriver\chromedriver\win32\104.0.5112.79\chromedriver.exe
INFO 10:30:18:579 wdm.WebDriverManager resolveDriverVersion:573 Using chromedriver 104.0.5112.79 (since Chrome 104 is installed in your machine)
INFO 10:30:18:588 wdm.WebDriverManager exportDriver:631 Exporting webdriver.chrome.driver as C:\Users\Demiurg76\.m2\repository\webdriver\chromedriver\win32\104.0.5112.79\chromedriver.exe
INFO 10:30:22:493 wdm.WebDriverManager resolveDriverVersion:573 Using chromedriver 104.0.5112.79 (since Chrome 104 is installed in your machine)
INFO 10:30:22:508 wdm.WebDriverManager exportDriver:631 Exporting webdriver.chrome.driver as C:\Users\Demiurg76\.m2\repository\webdriver\chromedriver\win32\104.0.5112.79\chromedriver.exe
INFO 10:30:26:147 wdm.WebDriverManager resolveDriverVersion:573 Using chromedriver 104.0.5112.79 (since Chrome 104 is installed in your machine)
INFO 10:30:26:163 wdm.WebDriverManager exportDriver:631 Exporting webdriver.chrome.driver as C:\Users\Demiurg76\.m2\repository\webdriver\chromedriver\win32\104.0.5112.79\chromedriver.exe
INFO 10:53:42:100 wdm.WebDriverManager resolveDriverVersion:573 Using chromedriver 104.0.5112.79 (since Chrome 104 is installed in your machine)
INFO 10:53:42:147 wdm.WebDriverManager exportDriver:631 Exporting webdriver.chrome.driver as C:\Users\Demiurg76\.m2\repository\webdriver\chromedriver\win32\104.0.5112.79\chromedriver.exe
INFO 12:18:30:223 wdm.WebDriverManager resolveDriverVersion:573 Using chromedriver 104.0.5112.79 (since Chrome 104 is installed in your machine)
INFO 12:18:30:287 wdm.WebDriverManager exportDriver:631 Exporting webdriver.chrome.driver as C:\Users\Demiurg76\.m2\repository\webdriver\chromedriver\win32\104.0.5112.79\chromedriver.exe
INFO 12:43:48:606 wdm.WebDriverManager resolveDriverVersion:573 Using chromedriver 104.0.5112.79 (since Chrome 104 is installed in your machine)
INFO 12:43:48:656 wdm.WebDriverManager exportDriver:631 Exporting webdriver.chrome.driver as C:\Users\Demiurg76\.m2\repository\webdriver\chromedriver\win32\104.0.5112.79\chromedriver.exe
INFO 12:46:51:208 wdm.WebDriverManager resolveDriverVersion:573 Using chromedriver 104.0.5112.79 (since Chrome 104 is installed in your machine)
INFO 12:46:51:264 wdm.WebDriverManager exportDriver:631 Exporting webdriver.chrome.driver as C:\Users\Demiurg76\.m2\repository\webdriver\chromedriver\win32\104.0.5112.79\chromedriver.exe
INFO 12:48:06:441 wdm.WebDriverManager resolveDriverVersion:573 Using chromedriver 104.0.5112.79 (since Chrome 104 is installed in your machine)
INFO 12:48:06:488 wdm.WebDriverManager exportDriver:631 Exporting webdriver.chrome.driver as C:\Users\Demiurg76\.m2\repository\webdriver\chromedriver\win32\104.0.5112.79\chromedriver.exe
INFO 12:48:37:713 wdm.WebDriverManager resolveDriverVersion:573 Using chromedriver 104.0.5112.79 (since Chrome 104 is installed in your machine)
INFO 12:48:37:767 wdm.WebDriverManager exportDriver:631 Exporting webdriver.chrome.driver as C:\Users\Demiurg76\.m2\repository\webdriver\chromedriver\win32\104.0.5112.79\chromedriver.exe
INFO 12:53:57:172 wdm.WebDriverManager resolveDriverVersion:573 Using chromedriver 104.0.5112.79 (since Chrome 104 is installed in your machine)
INFO 12:53:57:245 wdm.WebDriverManager exportDriver:631 Exporting webdriver.chrome.driver as C:\Users\Demiurg76\.m2\repository\webdriver\chromedriver\win32\104.0.5112.79\chromedriver.exe
INFO 13:43:41:456 wdm.WebDriverManager resolveDriverVersion:573 Using chromedriver 104.0.5112.79 (since Chrome 104 is installed in your machine)
INFO 13:43:41:501 wdm.WebDriverManager exportDriver:631 Exporting webdriver.chrome.driver as C:\Users\Demiurg76\.m2\repository\webdriver\chromedriver\win32\104.0.5112.79\chromedriver.exe
INFO 13:46:16:251 wdm.WebDriverManager resolveDriverVersion:573 Using chromedriver 104.0.5112.79 (since Chrome 104 is installed in your machine)
INFO 13:46:16:299 wdm.WebDriverManager exportDriver:631 Exporting webdriver.chrome.driver as C:\Users\Demiurg76\.m2\repository\webdriver\chromedriver\win32\104.0.5112.79\chromedriver.exe
INFO 13:53:32:862 wdm.WebDriverManager resolveDriverVersion:573 Using chromedriver 104.0.5112.79 (since Chrome 104 is installed in your machine)
INFO 13:53:32:918 wdm.WebDriverManager exportDriver:631 Exporting webdriver.chrome.driver as C:\Users\Demiurg76\.m2\repository\webdriver\chromedriver\win32\104.0.5112.79\chromedriver.exe
INFO 13:54:15:878 wdm.WebDriverManager resolveDriverVersion:573 Using chromedriver 104.0.5112.79 (since Chrome 104 is installed in your machine)
INFO 13:54:15:940 wdm.WebDriverManager exportDriver:631 Exporting webdriver.chrome.driver as C:\Users\Demiurg76\.m2\repository\webdriver\chromedriver\win32\104.0.5112.79\chromedriver.exe
INFO 13:55:14:237 wdm.WebDriverManager resolveDriverVersion:573 Using chromedriver 104.0.5112.79 (since Chrome 104 is installed in your machine)
INFO 13:55:14:284 wdm.WebDriverManager exportDriver:631 Exporting webdriver.chrome.driver as C:\Users\Demiurg76\.m2\repository\webdriver\chromedriver\win32\104.0.5112.79\chromedriver.exe
INFO 13:57:40:058 wdm.WebDriverManager resolveDriverVersion:573 Using chromedriver 104.0.5112.79 (since Chrome 104 is installed in your machine)
INFO 13:57:40:099 wdm.WebDriverManager exportDriver:631 Exporting webdriver.chrome.driver as C:\Users\Demiurg76\.m2\repository\webdriver\chromedriver\win32\104.0.5112.79\chromedriver.exe
INFO 14:43:32:670 wdm.WebDriverManager resolveDriverVersion:573 Using chromedriver 104.0.5112.79 (since Chrome 104 is installed in your machine)
INFO 14:43:32:730 wdm.WebDriverManager exportDriver:631 Exporting webdriver.chrome.driver as C:\Users\Demiurg76\.m2\repository\webdriver\chromedriver\win32\104.0.5112.79\chromedriver.exe
INFO 14:59:56:090 wdm.WebDriverManager resolveDriverVersion:573 Using chromedriver 104.0.5112.79 (since Chrome 104 is installed in your machine)
INFO 14:59:56:125 wdm.WebDriverManager exportDriver:631 Exporting webdriver.chrome.driver as C:\Users\Demiurg76\.m2\repository\webdriver\chromedriver\win32\104.0.5112.79\chromedriver.exe
INFO 14:14:41:955 wdm.WebDriverManager resolveDriverVersion:573 Using chromedriver 104.0.5112.79 (since Chrome 104 is installed in your machine)
INFO 14:14:42:085 wdm.WebDriverManager exportDriver:631 Exporting webdriver.chrome.driver as C:\Users\Demiurg76\.m2\repository\webdriver\chromedriver\win32\104.0.5112.79\chromedriver.exe
INFO 15:54:33:097 wdm.WebDriverManager resolveDriverVersion:573 Using chromedriver 104.0.5112.79 (since Chrome 104 is installed in your machine)
INFO 15:54:33:149 wdm.WebDriverManager exportDriver:631 Exporting webdriver.chrome.driver as C:\Users\Demiurg76\.m2\repository\webdriver\chromedriver\win32\104.0.5112.79\chromedriver.exe
INFO 16:13:23:513 wdm.WebDriverManager resolveDriverVersion:573 Using chromedriver 104.0.5112.79 (since Chrome 104 is installed in your machine)
INFO 16:13:23:552 wdm.WebDriverManager exportDriver:631 Exporting webdriver.chrome.driver as C:\Users\Demiurg76\.m2\repository\webdriver\chromedriver\win32\104.0.5112.79\chromedriver.exe
INFO 16:29:56:944 wdm.WebDriverManager resolveDriverVersion:573 Using chromedriver 104.0.5112.79 (since Chrome 104 is installed in your machine)
INFO 16:29:56:982 wdm.WebDriverManager exportDriver:631 Exporting webdriver.chrome.driver as C:\Users\Demiurg76\.m2\repository\webdriver\chromedriver\win32\104.0.5112.79\chromedriver.exe
INFO 16:30:52:487 wdm.WebDriverManager resolveDriverVersion:573 Using chromedriver 104.0.5112.79 (since Chrome 104 is installed in your machine)
INFO 16:30:52:519 wdm.WebDriverManager exportDriver:631 Exporting webdriver.chrome.driver as C:\Users\Demiurg76\.m2\repository\webdriver\chromedriver\win32\104.0.5112.79\chromedriver.exe
INFO 17:36:04:408 wdm.WebDriverManager resolveDriverVersion:573 Using chromedriver 104.0.5112.79 (since Chrome 104 is installed in your machine)
INFO 17:36:04:440 wdm.WebDriverManager exportDriver:631 Exporting webdriver.chrome.driver as C:\Users\Demiurg76\.m2\repository\webdriver\chromedriver\win32\104.0.5112.79\chromedriver.exe
INFO 17:40:35:388 wdm.WebDriverManager resolveDriverVersion:573 Using chromedriver 104.0.5112.79 (since Chrome 104 is installed in your machine)
INFO 17:40:35:423 wdm.WebDriverManager exportDriver:631 Exporting webdriver.chrome.driver as C:\Users\Demiurg76\.m2\repository\webdriver\chromedriver\win32\104.0.5112.79\chromedriver.exe
INFO 19:49:08:683 wdm.WebDriverManager resolveDriverVersion:573 Using chromedriver 104.0.5112.79 (since Chrome 104 is installed in your machine)
INFO 19:49:08:721 wdm.WebDriverManager exportDriver:631 Exporting webdriver.chrome.driver as C:\Users\Demiurg76\.m2\repository\webdriver\chromedriver\win32\104.0.5112.79\chromedriver.exe
INFO 19:58:19:272 wdm.WebDriverManager resolveDriverVersion:573 Using chromedriver 104.0.5112.79 (since Chrome 104 is installed in your machine)
INFO 19:58:19:359 wdm.WebDriverManager exportDriver:631 Exporting webdriver.chrome.driver as C:\Users\Demiurg76\.m2\repository\webdriver\chromedriver\win32\104.0.5112.79\chromedriver.exe
INFO 20:57:11:060 wdm.WebDriverManager resolveDriverVersion:573 Using chromedriver 104.0.5112.79 (since Chrome 104 is installed in your machine)
INFO 20:57:11:106 wdm.WebDriverManager exportDriver:631 Exporting webdriver.chrome.driver as C:\Users\Demiurg76\.m2\repository\webdriver\chromedriver\win32\104.0.5112.79\chromedriver.exe
INFO 21:09:00:716 wdm.WebDriverManager resolveDriverVersion:573 Using chromedriver 104.0.5112.79 (since Chrome 104 is installed in your machine)
INFO 21:09:00:769 wdm.WebDriverManager exportDriver:631 Exporting webdriver.chrome.driver as C:\Users\Demiurg76\.m2\repository\webdriver\chromedriver\win32\104.0.5112.79\chromedriver.exe
INFO 21:10:07:503 wdm.WebDriverManager resolveDriverVersion:573 Using chromedriver 104.0.5112.79 (since Chrome 104 is installed in your machine)
INFO 21:10:07:578 wdm.WebDriverManager exportDriver:631 Exporting webdriver.chrome.driver as C:\Users\Demiurg76\.m2\repository\webdriver\chromedriver\win32\104.0.5112.79\chromedriver.exe
INFO 10:10:53:682 wdm.WebDriverManager resolveDriverVersion:573 Using chromedriver 104.0.5112.79 (since Chrome 104 is installed in your machine)
INFO 10:10:53:822 wdm.WebDriverManager exportDriver:631 Exporting webdriver.chrome.driver as C:\Users\Demiurg76\.m2\repository\webdriver\chromedriver\win32\104.0.5112.79\chromedriver.exe
INFO 10:15:48:237 wdm.WebDriverManager resolveDriverVersion:573 Using chromedriver 104.0.5112.79 (since Chrome 104 is installed in your machine)
INFO 10:15:48:284 wdm.WebDriverManager exportDriver:631 Exporting webdriver.chrome.driver as C:\Users\Demiurg76\.m2\repository\webdriver\chromedriver\win32\104.0.5112.79\chromedriver.exe
